<?xml version="1.0" encoding="UTF-8"?>
<testng-results ignored="0" total="1" passed="1" failed="0" skipped="0">
  <reporter-output>
  </reporter-output>
  <suite started-at="2024-12-04T15:21:42 IST" name="Suite" finished-at="2024-12-04T15:22:08 IST" duration-ms="25997">
    <groups>
    </groups>
    <test started-at="2024-12-04T15:21:42 IST" name="Test" finished-at="2024-12-04T15:22:08 IST" duration-ms="25997">
      <class name="atTestCases.TC005_at_SliderFilterProductPriceMatchTest">
        <test-method is-config="true" signature="setup(java.lang.String,java.lang.String)[pri:0, instance:atTestCases.TC005_at_SliderFilterProductPriceMatchTest@75c9e76b]" started-at="2024-12-04T15:21:43 IST" name="setup" finished-at="2024-12-04T15:21:56 IST" duration-ms="13063" status="PASS">
          <params>
            <param index="0">
              <value>
                <![CDATA[windows]]>
              </value>
            </param>
            <param index="1">
              <value>
                <![CDATA[chrome]]>
              </value>
            </param>
          </params>
          <reporter-output>
          </reporter-output>
        </test-method> <!-- setup -->
        <test-method signature="productFilteration_UsingSliderTest()[pri:0, instance:atTestCases.TC005_at_SliderFilterProductPriceMatchTest@75c9e76b]" started-at="2024-12-04T15:21:56 IST" name="productFilteration_UsingSliderTest" finished-at="2024-12-04T15:22:08 IST" duration-ms="12110" status="PASS">
          <reporter-output>
          </reporter-output>
        </test-method> <!-- productFilteration_UsingSliderTest -->
        <test-method is-config="true" signature="tearDown()[pri:0, instance:atTestCases.TC005_at_SliderFilterProductPriceMatchTest@75c9e76b]" started-at="2024-12-04T15:22:08 IST" name="tearDown" finished-at="2024-12-04T15:22:08 IST" duration-ms="395" status="PASS">
          <reporter-output>
          </reporter-output>
        </test-method> <!-- tearDown -->
      </class> <!-- atTestCases.TC005_at_SliderFilterProductPriceMatchTest -->
    </test> <!-- Test -->
  </suite> <!-- Suite -->
</testng-results>
